# JRE version: Java(TM) SE Runtime Environment (8.0_121-b13) (build 1.8.0_121-b13)
# Java VM: Java HotSpot(TM) 64-Bit Server VM (25.121-b13 mixed mode linux-amd64 compressed oops)
Heap:
 PSYoungGen      total 626688K, used 0K [0x00000000d6f00000, 0x0000000100000000, 0x0000000100000000)
  eden space 580608K, 0% used [0x00000000d6f00000,0x00000000d6f00000,0x00000000fa600000)
  from space 46080K, 0% used [0x00000000fa600000,0x00000000fa600000,0x00000000fd300000)
  to   space 46080K, 0% used [0x00000000fd300000,0x00000000fd300000,0x0000000100000000)
 ParOldGen       total 247296K, used 245098K [0x0000000084c00000, 0x0000000093d80000, 0x00000000d6f00000)
  object space 247296K, 99% used [0x0000000084c00000,0x0000000093b5aaa8,0x0000000093d80000)
 Metaspace       used 36830K, capacity 37268K, committed 37464K, reserved 1081344K
  class space    used 5305K, capacity 5437K, committed 5464K, reserved 1048576K
GC Heap History (10 events):
Event: 38.147 GC heap after
Heap after GC invocations=46 (full 2):
 PSYoungGen      total 669696K, used 768K [0x00000000d6f00000, 0x0000000100000000, 0x0000000100000000)
  eden space 667648K, 0% used [0x00000000d6f00000,0x00000000d6f00000,0x00000000ffb00000)
  from space 2048K, 37% used [0x00000000ffd00000,0x00000000ffdc0390,0x00000000fff00000)
  to   space 2048K, 0% used [0x00000000ffb00000,0x00000000ffb00000,0x00000000ffd00000)
 ParOldGen       total 70144K, used 10531K [0x0000000084c00000, 0x0000000089080000, 0x00000000d6f00000)
  object space 70144K, 15% used [0x0000000084c00000,0x0000000085648d48,0x0000000089080000)
 Metaspace       used 36135K, capacity 36598K, committed 36824K, reserved 1081344K
  class space    used 5190K, capacity 5304K, committed 5336K, reserved 1048576K
}
Event: 39.177 GC heap before
{Heap before GC invocations=47 (full 2):
 PSYoungGen      total 669696K, used 668416K [0x00000000d6f00000, 0x0000000100000000, 0x0000000100000000)
  eden space 667648K, 100% used [0x00000000d6f00000,0x00000000ffb00000,0x00000000ffb00000)
  from space 2048K, 37% used [0x00000000ffd00000,0x00000000ffdc0390,0x00000000fff00000)
  to   space 2048K, 0% used [0x00000000ffb00000,0x00000000ffb00000,0x00000000ffd00000)
 ParOldGen       total 70144K, used 10531K [0x0000000084c00000, 0x0000000089080000, 0x00000000d6f00000)
  object space 70144K, 15% used [0x0000000084c00000,0x0000000085648d48,0x0000000089080000)
 Metaspace       used 36146K, capacity 36598K, committed 36824K, reserved 1081344K
  class space    used 5190K, capacity 5304K, committed 5336K, reserved 1048576K
Event: 39.179 GC heap after
Heap after GC invocations=47 (full 2):
 PSYoungGen      total 669696K, used 736K [0x00000000d6f00000, 0x0000000100000000, 0x0000000100000000)
  eden space 667648K, 0% used [0x00000000d6f00000,0x00000000d6f00000,0x00000000ffb00000)
  from space 2048K, 35% used [0x00000000ffb00000,0x00000000ffbb8390,0x00000000ffd00000)
  to   space 2048K, 0% used [0x00000000ffe00000,0x00000000ffe00000,0x0000000100000000)
 ParOldGen       total 70144K, used 10531K [0x0000000084c00000, 0x0000000089080000, 0x00000000d6f00000)
  object space 70144K, 15% used [0x0000000084c00000,0x0000000085648d48,0x0000000089080000)
 Metaspace       used 36146K, capacity 36598K, committed 36824K, reserved 1081344K
  class space    used 5190K, capacity 5304K, committed 5336K, reserved 1048576K
}
Event: 42.393 GC heap before
{Heap before GC invocations=48 (full 2):
 PSYoungGen      total 669696K, used 668384K [0x00000000d6f00000, 0x0000000100000000, 0x0000000100000000)
  eden space 667648K, 100% used [0x00000000d6f00000,0x00000000ffb00000,0x00000000ffb00000)
  from space 2048K, 35% used [0x00000000ffb00000,0x00000000ffbb8390,0x00000000ffd00000)
  to   space 2048K, 0% used [0x00000000ffe00000,0x00000000ffe00000,0x0000000100000000)
 ParOldGen       total 70144K, used 10531K [0x0000000084c00000, 0x0000000089080000, 0x00000000d6f00000)
  object space 70144K, 15% used [0x0000000084c00000,0x0000000085648d48,0x0000000089080000)
 Metaspace       used 36698K, capacity 37140K, committed 37464K, reserved 1081344K
  class space    used 5270K, capacity 5373K, committed 5464K, reserved 1048576K
Event: 42.663 GC heap after
Heap after GC invocations=48 (full 2):
 PSYoungGen      total 582656K, used 2021K [0x00000000d6f00000, 0x0000000100000000, 0x0000000100000000)
  eden space 580608K, 0% used [0x00000000d6f00000,0x00000000d6f00000,0x00000000fa600000)
  from space 2048K, 98% used [0x00000000ffe00000,0x00000000ffff97d0,0x0000000100000000)
  to   space 46080K, 0% used [0x00000000fa600000,0x00000000fa600000,0x00000000fd300000)
 ParOldGen       total 128512K, used 128507K [0x0000000084c00000, 0x000000008c980000, 0x00000000d6f00000)
  object space 128512K, 99% used [0x0000000084c00000,0x000000008c97ed98,0x000000008c980000)
 Metaspace       used 36698K, capacity 37140K, committed 37464K, reserved 1081344K
  class space    used 5270K, capacity 5373K, committed 5464K, reserved 1048576K
}
Event: 42.676 GC heap before
{Heap before GC invocations=49 (full 3):
 PSYoungGen      total 582656K, used 2021K [0x00000000d6f00000, 0x0000000100000000, 0x0000000100000000)
  eden space 580608K, 0% used [0x00000000d6f00000,0x00000000d6f00000,0x00000000fa600000)
  from space 2048K, 98% used [0x00000000ffe00000,0x00000000ffff97d0,0x0000000100000000)
  to   space 46080K, 0% used [0x00000000fa600000,0x00000000fa600000,0x00000000fd300000)
 ParOldGen       total 128512K, used 128507K [0x0000000084c00000, 0x000000008c980000, 0x00000000d6f00000)
  object space 128512K, 99% used [0x0000000084c00000,0x000000008c97ed98,0x000000008c980000)
 Metaspace       used 36698K, capacity 37140K, committed 37464K, reserved 1081344K
  class space    used 5270K, capacity 5373K, committed 5464K, reserved 1048576K
Event: 44.054 GC heap after
Heap after GC invocations=49 (full 3):
 PSYoungGen      total 582656K, used 0K [0x00000000d6f00000, 0x0000000100000000, 0x0000000100000000)
  eden space 580608K, 0% used [0x00000000d6f00000,0x00000000d6f00000,0x00000000fa600000)
  from space 2048K, 0% used [0x00000000ffe00000,0x00000000ffe00000,0x0000000100000000)
  to   space 46080K, 0% used [0x00000000fa600000,0x00000000fa600000,0x00000000fd300000)
 ParOldGen       total 247296K, used 127460K [0x0000000084c00000, 0x0000000093d80000, 0x00000000d6f00000)
  object space 247296K, 51% used [0x0000000084c00000,0x000000008c879238,0x0000000093d80000)
 Metaspace       used 36698K, capacity 37140K, committed 37464K, reserved 1081344K
  class space    used 5270K, capacity 5373K, committed 5464K, reserved 1048576K
}
Event: 45.787 GC heap before
{Heap before GC invocations=50 (full 3):
 PSYoungGen      total 582656K, used 580608K [0x00000000d6f00000, 0x0000000100000000, 0x0000000100000000)
  eden space 580608K, 100% used [0x00000000d6f00000,0x00000000fa600000,0x00000000fa600000)
  from space 2048K, 0% used [0x00000000ffe00000,0x00000000ffe00000,0x0000000100000000)
  to   space 46080K, 0% used [0x00000000fa600000,0x00000000fa600000,0x00000000fd300000)
 ParOldGen       total 247296K, used 127460K [0x0000000084c00000, 0x0000000093d80000, 0x00000000d6f00000)
  object space 247296K, 51% used [0x0000000084c00000,0x000000008c879238,0x0000000093d80000)
 Metaspace       used 36830K, capacity 37268K, committed 37464K, reserved 1081344K
  class space    used 5305K, capacity 5437K, committed 5464K, reserved 1048576K
Event: 46.041 GC heap after
Heap after GC invocations=50 (full 3):
 PSYoungGen      total 626688K, used 46080K [0x00000000d6f00000, 0x0000000100000000, 0x0000000100000000)
  eden space 580608K, 0% used [0x00000000d6f00000,0x00000000d6f00000,0x00000000fa600000)
  from space 46080K, 100% used [0x00000000fa600000,0x00000000fd300000,0x00000000fd300000)
  to   space 46080K, 0% used [0x00000000fd300000,0x00000000fd300000,0x0000000100000000)
 ParOldGen       total 247296K, used 207934K [0x0000000084c00000, 0x0000000093d80000, 0x00000000d6f00000)
  object space 247296K, 84% used [0x0000000084c00000,0x000000009170f8c8,0x0000000093d80000)
 Metaspace       used 36830K, capacity 37268K, committed 37464K, reserved 1081344K
  class space    used 5305K, capacity 5437K, committed 5464K, reserved 1048576K
}
Event: 46.041 GC heap before
{Heap before GC invocations=51 (full 4):
 PSYoungGen      total 626688K, used 46080K [0x00000000d6f00000, 0x0000000100000000, 0x0000000100000000)
  eden space 580608K, 0% used [0x00000000d6f00000,0x00000000d6f00000,0x00000000fa600000)
  from space 46080K, 100% used [0x00000000fa600000,0x00000000fd300000,0x00000000fd300000)
  to   space 46080K, 0% used [0x00000000fd300000,0x00000000fd300000,0x0000000100000000)
 ParOldGen       total 247296K, used 207934K [0x0000000084c00000, 0x0000000093d80000, 0x00000000d6f00000)
  object space 247296K, 84% used [0x0000000084c00000,0x000000009170f8c8,0x0000000093d80000)
 Metaspace       used 36830K, capacity 37268K, committed 37464K, reserved 1081344K
  class space    used 5305K, capacity 5437K, committed 5464K, reserved 1048576K

